run_number, a, q 
1, 0.22, 0.7 

mass_number, num_ions, num_hits, transmission (%)
134, 197, 88, 44.670050761421
---------------------------------------- 

run_number, a, q 
1, 0.22, 0.705 

mass_number, num_ions, num_hits, transmission (%)
134, 200, 96, 48
---------------------------------------- 

run_number, a, q 
1, 0.22, 0.71 

mass_number, num_ions, num_hits, transmission (%)
134, 198, 98, 49.494949494949
---------------------------------------- 

run_number, a, q 
1, 0.22, 0.715 

mass_number, num_ions, num_hits, transmission (%)
134, 199, 89, 44.723618090452
---------------------------------------- 

run_number, a, q 
1, 0.22, 0.72 

mass_number, num_ions, num_hits, transmission (%)
134, 200, 99, 49.5
---------------------------------------- 

run_number, a, q 
1, 0.225, 0.7 

mass_number, num_ions, num_hits, transmission (%)
134, 198, 58, 29.292929292929
---------------------------------------- 

run_number, a, q 
1, 0.225, 0.705 

mass_number, num_ions, num_hits, transmission (%)
134, 200, 94, 47
---------------------------------------- 

run_number, a, q 
1, 0.225, 0.71 

mass_number, num_ions, num_hits, transmission (%)
134, 198, 99, 50
---------------------------------------- 

run_number, a, q 
1, 0.225, 0.715 

mass_number, num_ions, num_hits, transmission (%)
134, 199, 86, 43.21608040201
---------------------------------------- 

run_number, a, q 
1, 0.225, 0.72 

mass_number, num_ions, num_hits, transmission (%)
134, 200, 97, 48.5
---------------------------------------- 

run_number, a, q 
1, 0.23, 0.7 

mass_number, num_ions, num_hits, transmission (%)
134, 199, 8, 4.0201005025126
---------------------------------------- 

run_number, a, q 
1, 0.23, 0.705 

mass_number, num_ions, num_hits, transmission (%)
134, 199, 27, 13.56783919598
---------------------------------------- 

run_number, a, q 
1, 0.23, 0.71 

mass_number, num_ions, num_hits, transmission (%)
134, 200, 69, 34.5
---------------------------------------- 

run_number, a, q 
1, 0.23, 0.715 

mass_number, num_ions, num_hits, transmission (%)
134, 199, 35, 17.587939698492
---------------------------------------- 

run_number, a, q 
1, 0.23, 0.72 

mass_number, num_ions, num_hits, transmission (%)
134, 196, 74, 37.755102040816
---------------------------------------- 

run_number, a, q 
1, 0.235, 0.7 

mass_number, num_ions, num_hits, transmission (%)
134, 199, 0, 0
---------------------------------------- 

run_number, a, q 
1, 0.235, 0.705 

mass_number, num_ions, num_hits, transmission (%)
134, 199, 1, 0.50251256281407
---------------------------------------- 

run_number, a, q 
1, 0.235, 0.71 

mass_number, num_ions, num_hits, transmission (%)
134, 200, 11, 5.5
---------------------------------------- 

run_number, a, q 
1, 0.235, 0.715 

mass_number, num_ions, num_hits, transmission (%)
134, 195, 16, 8.2051282051282
---------------------------------------- 

run_number, a, q 
1, 0.235, 0.72 

mass_number, num_ions, num_hits, transmission (%)
134, 200, 0, 0
---------------------------------------- 

run_number, a, q 
1, 0.24, 0.7 

mass_number, num_ions, num_hits, transmission (%)
134, 199, 0, 0
---------------------------------------- 

run_number, a, q 
1, 0.24, 0.705 

mass_number, num_ions, num_hits, transmission (%)
134, 199, 0, 0
---------------------------------------- 

run_number, a, q 
1, 0.24, 0.71 

mass_number, num_ions, num_hits, transmission (%)
134, 198, 0, 0
---------------------------------------- 

run_number, a, q 
1, 0.24, 0.715 

mass_number, num_ions, num_hits, transmission (%)
134, 198, 0, 0
---------------------------------------- 

run_number, a, q 
1, 0.24, 0.72 

mass_number, num_ions, num_hits, transmission (%)
134, 198, 0, 0
---------------------------------------- 

run_number, a, q 
1, 0.245, 0.7 

mass_number, num_ions, num_hits, transmission (%)
134, 199, 0, 0
---------------------------------------- 

run_number, a, q 
1, 0.245, 0.705 

mass_number, num_ions, num_hits, transmission (%)
134, 200, 0, 0
---------------------------------------- 

run_number, a, q 
1, 0.245, 0.71 

mass_number, num_ions, num_hits, transmission (%)
134, 200, 0, 0
---------------------------------------- 

run_number, a, q 
1, 0.245, 0.715 

mass_number, num_ions, num_hits, transmission (%)
134, 200, 0, 0
---------------------------------------- 

run_number, a, q 
1, 0.245, 0.72 

mass_number, num_ions, num_hits, transmission (%)
134, 196, 0, 0
---------------------------------------- 

run_number, a, q 
1, 0.25, 0.7 

mass_number, num_ions, num_hits, transmission (%)
134, 198, 0, 0
---------------------------------------- 

run_number, a, q 
1, 0.25, 0.705 

mass_number, num_ions, num_hits, transmission (%)
134, 200, 0, 0
---------------------------------------- 

run_number, a, q 
1, 0.25, 0.71 

mass_number, num_ions, num_hits, transmission (%)
134, 199, 0, 0
---------------------------------------- 

run_number, a, q 
1, 0.25, 0.715 

mass_number, num_ions, num_hits, transmission (%)
134, 200, 0, 0
---------------------------------------- 

run_number, a, q 
1, 0.25, 0.72 

mass_number, num_ions, num_hits, transmission (%)
134, 198, 0, 0
---------------------------------------- 

run_number, a, q 
2, 0.22, 0.7 

mass_number, num_ions, num_hits, transmission (%)
135, 200, 91, 45.5
---------------------------------------- 

run_number, a, q 
2, 0.22, 0.705 

mass_number, num_ions, num_hits, transmission (%)
135, 198, 96, 48.484848484848
---------------------------------------- 

run_number, a, q 
2, 0.22, 0.71 

mass_number, num_ions, num_hits, transmission (%)
135, 200, 100, 50
---------------------------------------- 

run_number, a, q 
2, 0.22, 0.715 

mass_number, num_ions, num_hits, transmission (%)
135, 200, 102, 51
---------------------------------------- 

run_number, a, q 
2, 0.22, 0.72 

mass_number, num_ions, num_hits, transmission (%)
135, 200, 96, 48
---------------------------------------- 

run_number, a, q 
2, 0.225, 0.7 

mass_number, num_ions, num_hits, transmission (%)
135, 198, 50, 25.252525252525
---------------------------------------- 

run_number, a, q 
2, 0.225, 0.705 

mass_number, num_ions, num_hits, transmission (%)
135, 200, 83, 41.5
---------------------------------------- 

run_number, a, q 
2, 0.225, 0.71 

mass_number, num_ions, num_hits, transmission (%)
135, 198, 95, 47.979797979798
---------------------------------------- 

run_number, a, q 
2, 0.225, 0.715 

mass_number, num_ions, num_hits, transmission (%)
135, 200, 96, 48
---------------------------------------- 

run_number, a, q 
2, 0.225, 0.72 

mass_number, num_ions, num_hits, transmission (%)
135, 198, 101, 51.010101010101
---------------------------------------- 

run_number, a, q 
2, 0.23, 0.7 

mass_number, num_ions, num_hits, transmission (%)
135, 199, 1, 0.50251256281407
---------------------------------------- 

run_number, a, q 
2, 0.23, 0.705 

mass_number, num_ions, num_hits, transmission (%)
135, 199, 18, 9.0452261306533
---------------------------------------- 

run_number, a, q 
2, 0.23, 0.71 

mass_number, num_ions, num_hits, transmission (%)
135, 199, 56, 28.140703517588
---------------------------------------- 

run_number, a, q 
2, 0.23, 0.715 

mass_number, num_ions, num_hits, transmission (%)
135, 197, 87, 44.162436548223
---------------------------------------- 

run_number, a, q 
2, 0.23, 0.72 

mass_number, num_ions, num_hits, transmission (%)
135, 200, 54, 27
---------------------------------------- 

run_number, a, q 
2, 0.235, 0.7 

mass_number, num_ions, num_hits, transmission (%)
135, 200, 0, 0
---------------------------------------- 

run_number, a, q 
2, 0.235, 0.705 

mass_number, num_ions, num_hits, transmission (%)
135, 199, 0, 0
---------------------------------------- 

run_number, a, q 
2, 0.235, 0.71 

mass_number, num_ions, num_hits, transmission (%)
135, 200, 0, 0
---------------------------------------- 

run_number, a, q 
2, 0.235, 0.715 

mass_number, num_ions, num_hits, transmission (%)
135, 199, 30, 15.075376884422
---------------------------------------- 

run_number, a, q 
2, 0.235, 0.72 

mass_number, num_ions, num_hits, transmission (%)
135, 198, 26, 13.131313131313
---------------------------------------- 

run_number, a, q 
2, 0.24, 0.7 

mass_number, num_ions, num_hits, transmission (%)
135, 200, 0, 0
---------------------------------------- 

run_number, a, q 
2, 0.24, 0.705 

mass_number, num_ions, num_hits, transmission (%)
135, 197, 0, 0
---------------------------------------- 

run_number, a, q 
2, 0.24, 0.71 

mass_number, num_ions, num_hits, transmission (%)
135, 199, 0, 0
---------------------------------------- 

run_number, a, q 
2, 0.24, 0.715 

mass_number, num_ions, num_hits, transmission (%)
135, 196, 0, 0
---------------------------------------- 

run_number, a, q 
2, 0.24, 0.72 

mass_number, num_ions, num_hits, transmission (%)
135, 200, 0, 0
---------------------------------------- 

run_number, a, q 
2, 0.245, 0.7 

mass_number, num_ions, num_hits, transmission (%)
135, 200, 0, 0
---------------------------------------- 

run_number, a, q 
2, 0.245, 0.705 

mass_number, num_ions, num_hits, transmission (%)
135, 200, 0, 0
---------------------------------------- 

run_number, a, q 
2, 0.245, 0.71 

mass_number, num_ions, num_hits, transmission (%)
135, 199, 0, 0
---------------------------------------- 

run_number, a, q 
2, 0.245, 0.715 

mass_number, num_ions, num_hits, transmission (%)
135, 200, 0, 0
---------------------------------------- 

run_number, a, q 
2, 0.245, 0.72 

mass_number, num_ions, num_hits, transmission (%)
135, 199, 0, 0
---------------------------------------- 

run_number, a, q 
2, 0.25, 0.7 

mass_number, num_ions, num_hits, transmission (%)
135, 198, 0, 0
---------------------------------------- 

run_number, a, q 
2, 0.25, 0.705 

mass_number, num_ions, num_hits, transmission (%)
135, 199, 0, 0
---------------------------------------- 

run_number, a, q 
2, 0.25, 0.71 

mass_number, num_ions, num_hits, transmission (%)
135, 200, 0, 0
---------------------------------------- 

run_number, a, q 
2, 0.25, 0.715 

mass_number, num_ions, num_hits, transmission (%)
135, 199, 0, 0
---------------------------------------- 

run_number, a, q 
2, 0.25, 0.72 

mass_number, num_ions, num_hits, transmission (%)
135, 200, 0, 0
---------------------------------------- 

run_number, a, q 
3, 0.22, 0.7 

mass_number, num_ions, num_hits, transmission (%)
136, 194, 81, 41.752577319588
---------------------------------------- 

run_number, a, q 
3, 0.22, 0.705 

mass_number, num_ions, num_hits, transmission (%)
136, 199, 101, 50.753768844221
---------------------------------------- 

run_number, a, q 
3, 0.22, 0.71 

mass_number, num_ions, num_hits, transmission (%)
136, 193, 113, 58.549222797927
---------------------------------------- 

run_number, a, q 
3, 0.22, 0.715 

mass_number, num_ions, num_hits, transmission (%)
136, 198, 97, 48.989898989899
---------------------------------------- 

run_number, a, q 
3, 0.22, 0.72 

mass_number, num_ions, num_hits, transmission (%)
136, 200, 100, 50
---------------------------------------- 

run_number, a, q 
3, 0.225, 0.7 

mass_number, num_ions, num_hits, transmission (%)
136, 198, 26, 13.131313131313
---------------------------------------- 

run_number, a, q 
3, 0.225, 0.705 

mass_number, num_ions, num_hits, transmission (%)
136, 199, 59, 29.64824120603
---------------------------------------- 

run_number, a, q 
3, 0.225, 0.71 

mass_number, num_ions, num_hits, transmission (%)
136, 200, 93, 46.5
---------------------------------------- 

run_number, a, q 
3, 0.225, 0.715 

mass_number, num_ions, num_hits, transmission (%)
136, 195, 101, 51.794871794872
---------------------------------------- 

run_number, a, q 
3, 0.225, 0.72 

mass_number, num_ions, num_hits, transmission (%)
136, 199, 90, 45.226130653266
---------------------------------------- 

run_number, a, q 
3, 0.23, 0.7 

mass_number, num_ions, num_hits, transmission (%)
136, 199, 0, 0
---------------------------------------- 

run_number, a, q 
3, 0.23, 0.705 

mass_number, num_ions, num_hits, transmission (%)
136, 200, 9, 4.5
---------------------------------------- 

run_number, a, q 
3, 0.23, 0.71 

mass_number, num_ions, num_hits, transmission (%)
136, 200, 35, 17.5
---------------------------------------- 

run_number, a, q 
3, 0.23, 0.715 

mass_number, num_ions, num_hits, transmission (%)
136, 200, 75, 37.5
---------------------------------------- 

run_number, a, q 
3, 0.23, 0.72 

mass_number, num_ions, num_hits, transmission (%)
136, 200, 85, 42.5
---------------------------------------- 

run_number, a, q 
3, 0.235, 0.7 

mass_number, num_ions, num_hits, transmission (%)
136, 197, 0, 0
---------------------------------------- 

run_number, a, q 
3, 0.235, 0.705 

mass_number, num_ions, num_hits, transmission (%)
136, 198, 0, 0
---------------------------------------- 

run_number, a, q 
3, 0.235, 0.71 

mass_number, num_ions, num_hits, transmission (%)
136, 195, 1, 0.51282051282051
---------------------------------------- 

run_number, a, q 
3, 0.235, 0.715 

mass_number, num_ions, num_hits, transmission (%)
136, 197, 12, 6.0913705583756
---------------------------------------- 

run_number, a, q 
3, 0.235, 0.72 

mass_number, num_ions, num_hits, transmission (%)
136, 200, 45, 22.5
---------------------------------------- 

run_number, a, q 
3, 0.24, 0.7 

mass_number, num_ions, num_hits, transmission (%)
136, 200, 0, 0
---------------------------------------- 

run_number, a, q 
3, 0.24, 0.705 

mass_number, num_ions, num_hits, transmission (%)
136, 198, 0, 0
---------------------------------------- 

run_number, a, q 
3, 0.24, 0.71 

mass_number, num_ions, num_hits, transmission (%)
136, 198, 0, 0
---------------------------------------- 

run_number, a, q 
3, 0.24, 0.715 

mass_number, num_ions, num_hits, transmission (%)
136, 200, 0, 0
---------------------------------------- 

run_number, a, q 
3, 0.24, 0.72 

mass_number, num_ions, num_hits, transmission (%)
136, 199, 2, 1.0050251256281
---------------------------------------- 

run_number, a, q 
3, 0.245, 0.7 

mass_number, num_ions, num_hits, transmission (%)
136, 199, 0, 0
---------------------------------------- 

run_number, a, q 
3, 0.245, 0.705 

mass_number, num_ions, num_hits, transmission (%)
136, 198, 0, 0
---------------------------------------- 

run_number, a, q 
3, 0.245, 0.71 

mass_number, num_ions, num_hits, transmission (%)
136, 199, 0, 0
---------------------------------------- 

run_number, a, q 
3, 0.245, 0.715 

mass_number, num_ions, num_hits, transmission (%)
136, 197, 0, 0
---------------------------------------- 

run_number, a, q 
3, 0.245, 0.72 

mass_number, num_ions, num_hits, transmission (%)
136, 199, 0, 0
---------------------------------------- 

run_number, a, q 
3, 0.25, 0.7 

mass_number, num_ions, num_hits, transmission (%)
136, 200, 0, 0
---------------------------------------- 

run_number, a, q 
3, 0.25, 0.705 

mass_number, num_ions, num_hits, transmission (%)
136, 200, 0, 0
---------------------------------------- 

run_number, a, q 
3, 0.25, 0.71 

mass_number, num_ions, num_hits, transmission (%)
136, 197, 0, 0
---------------------------------------- 

run_number, a, q 
3, 0.25, 0.715 

mass_number, num_ions, num_hits, transmission (%)
136, 199, 0, 0
---------------------------------------- 

run_number, a, q 
3, 0.25, 0.72 

mass_number, num_ions, num_hits, transmission (%)
136, 198, 0, 0
---------------------------------------- 

run_number, a, q 
4, 0.22, 0.7 

mass_number, num_ions, num_hits, transmission (%)
137, 198, 73, 36.868686868687
---------------------------------------- 

run_number, a, q 
4, 0.22, 0.705 

mass_number, num_ions, num_hits, transmission (%)
137, 199, 83, 41.708542713568
---------------------------------------- 

run_number, a, q 
4, 0.22, 0.71 

mass_number, num_ions, num_hits, transmission (%)
137, 200, 101, 50.5
---------------------------------------- 

run_number, a, q 
4, 0.22, 0.715 

mass_number, num_ions, num_hits, transmission (%)
137, 198, 99, 50
---------------------------------------- 

run_number, a, q 
4, 0.22, 0.72 

mass_number, num_ions, num_hits, transmission (%)
137, 200, 90, 45
---------------------------------------- 

run_number, a, q 
4, 0.225, 0.7 

mass_number, num_ions, num_hits, transmission (%)
137, 200, 20, 10
---------------------------------------- 

run_number, a, q 
4, 0.225, 0.705 

mass_number, num_ions, num_hits, transmission (%)
137, 199, 42, 21.105527638191
---------------------------------------- 

run_number, a, q 
4, 0.225, 0.71 

mass_number, num_ions, num_hits, transmission (%)
137, 196, 86, 43.877551020408
---------------------------------------- 

run_number, a, q 
4, 0.225, 0.715 

mass_number, num_ions, num_hits, transmission (%)
137, 200, 102, 51
---------------------------------------- 

run_number, a, q 
4, 0.225, 0.72 

mass_number, num_ions, num_hits, transmission (%)
137, 199, 89, 44.723618090452
---------------------------------------- 

run_number, a, q 
4, 0.23, 0.7 

mass_number, num_ions, num_hits, transmission (%)
137, 199, 0, 0
---------------------------------------- 

run_number, a, q 
4, 0.23, 0.705 

mass_number, num_ions, num_hits, transmission (%)
137, 200, 7, 3.5
---------------------------------------- 

run_number, a, q 
4, 0.23, 0.71 

mass_number, num_ions, num_hits, transmission (%)
137, 198, 22, 11.111111111111
---------------------------------------- 

run_number, a, q 
4, 0.23, 0.715 

mass_number, num_ions, num_hits, transmission (%)
137, 197, 46, 23.350253807107
---------------------------------------- 

run_number, a, q 
4, 0.23, 0.72 

mass_number, num_ions, num_hits, transmission (%)
137, 199, 90, 45.226130653266
---------------------------------------- 

run_number, a, q 
4, 0.235, 0.7 

mass_number, num_ions, num_hits, transmission (%)
137, 199, 0, 0
---------------------------------------- 

run_number, a, q 
4, 0.235, 0.705 

mass_number, num_ions, num_hits, transmission (%)
137, 200, 0, 0
---------------------------------------- 

run_number, a, q 
4, 0.235, 0.71 

mass_number, num_ions, num_hits, transmission (%)
137, 200, 0, 0
---------------------------------------- 

run_number, a, q 
4, 0.235, 0.715 

mass_number, num_ions, num_hits, transmission (%)
137, 200, 2, 1
---------------------------------------- 

run_number, a, q 
4, 0.235, 0.72 

mass_number, num_ions, num_hits, transmission (%)
137, 200, 22, 11
---------------------------------------- 

run_number, a, q 
4, 0.24, 0.7 

mass_number, num_ions, num_hits, transmission (%)
137, 199, 0, 0
---------------------------------------- 

run_number, a, q 
4, 0.24, 0.705 

mass_number, num_ions, num_hits, transmission (%)
137, 191, 0, 0
---------------------------------------- 

run_number, a, q 
4, 0.24, 0.71 

mass_number, num_ions, num_hits, transmission (%)
137, 200, 0, 0
---------------------------------------- 

run_number, a, q 
4, 0.24, 0.715 

mass_number, num_ions, num_hits, transmission (%)
137, 200, 0, 0
---------------------------------------- 

run_number, a, q 
4, 0.24, 0.72 

mass_number, num_ions, num_hits, transmission (%)
137, 200, 1, 0.5
---------------------------------------- 

run_number, a, q 
4, 0.245, 0.7 

mass_number, num_ions, num_hits, transmission (%)
137, 199, 0, 0
---------------------------------------- 

run_number, a, q 
4, 0.245, 0.705 

mass_number, num_ions, num_hits, transmission (%)
137, 200, 0, 0
---------------------------------------- 

run_number, a, q 
4, 0.245, 0.71 

mass_number, num_ions, num_hits, transmission (%)
137, 194, 0, 0
---------------------------------------- 

run_number, a, q 
4, 0.245, 0.715 

mass_number, num_ions, num_hits, transmission (%)
137, 200, 0, 0
---------------------------------------- 

run_number, a, q 
4, 0.245, 0.72 

mass_number, num_ions, num_hits, transmission (%)
137, 200, 0, 0
---------------------------------------- 

run_number, a, q 
4, 0.25, 0.7 

mass_number, num_ions, num_hits, transmission (%)
137, 199, 0, 0
---------------------------------------- 

run_number, a, q 
4, 0.25, 0.705 

mass_number, num_ions, num_hits, transmission (%)
137, 200, 0, 0
---------------------------------------- 

run_number, a, q 
4, 0.25, 0.71 

mass_number, num_ions, num_hits, transmission (%)
137, 200, 0, 0
---------------------------------------- 

run_number, a, q 
4, 0.25, 0.715 

mass_number, num_ions, num_hits, transmission (%)
137, 200, 0, 0
---------------------------------------- 

run_number, a, q 
4, 0.25, 0.72 

mass_number, num_ions, num_hits, transmission (%)
137, 200, 0, 0
---------------------------------------- 

run_number, a, q 
5, 0.22, 0.7 

mass_number, num_ions, num_hits, transmission (%)
138, 200, 45, 22.5
---------------------------------------- 

run_number, a, q 
5, 0.22, 0.705 

mass_number, num_ions, num_hits, transmission (%)
138, 200, 111, 55.5
---------------------------------------- 

run_number, a, q 
5, 0.22, 0.71 

mass_number, num_ions, num_hits, transmission (%)
138, 199, 105, 52.763819095477
---------------------------------------- 

run_number, a, q 
5, 0.22, 0.715 

mass_number, num_ions, num_hits, transmission (%)
138, 197, 91, 46.192893401015
---------------------------------------- 

run_number, a, q 
5, 0.22, 0.72 

mass_number, num_ions, num_hits, transmission (%)
138, 197, 93, 47.208121827411
---------------------------------------- 

run_number, a, q 
5, 0.225, 0.7 

mass_number, num_ions, num_hits, transmission (%)
138, 200, 2, 1
---------------------------------------- 

run_number, a, q 
5, 0.225, 0.705 

mass_number, num_ions, num_hits, transmission (%)
138, 200, 16, 8
---------------------------------------- 

run_number, a, q 
5, 0.225, 0.71 

mass_number, num_ions, num_hits, transmission (%)
138, 200, 60, 30
---------------------------------------- 

run_number, a, q 
5, 0.225, 0.715 

mass_number, num_ions, num_hits, transmission (%)
138, 200, 103, 51.5
---------------------------------------- 

run_number, a, q 
5, 0.225, 0.72 

mass_number, num_ions, num_hits, transmission (%)
138, 197, 88, 44.670050761421
---------------------------------------- 

run_number, a, q 
5, 0.23, 0.7 

mass_number, num_ions, num_hits, transmission (%)
138, 200, 0, 0
---------------------------------------- 

run_number, a, q 
5, 0.23, 0.705 

mass_number, num_ions, num_hits, transmission (%)
138, 200, 0, 0
---------------------------------------- 

run_number, a, q 
5, 0.23, 0.71 

mass_number, num_ions, num_hits, transmission (%)
138, 200, 5, 2.5
---------------------------------------- 

run_number, a, q 
5, 0.23, 0.715 

mass_number, num_ions, num_hits, transmission (%)
138, 197, 44, 22.335025380711
---------------------------------------- 

run_number, a, q 
5, 0.23, 0.72 

mass_number, num_ions, num_hits, transmission (%)
138, 200, 92, 46
---------------------------------------- 

run_number, a, q 
5, 0.235, 0.7 

mass_number, num_ions, num_hits, transmission (%)
138, 200, 0, 0
---------------------------------------- 

run_number, a, q 
5, 0.235, 0.705 

mass_number, num_ions, num_hits, transmission (%)
138, 200, 0, 0
---------------------------------------- 

run_number, a, q 
5, 0.235, 0.71 

mass_number, num_ions, num_hits, transmission (%)
138, 199, 0, 0
---------------------------------------- 

run_number, a, q 
5, 0.235, 0.715 

mass_number, num_ions, num_hits, transmission (%)
138, 200, 0, 0
---------------------------------------- 

run_number, a, q 
5, 0.235, 0.72 

mass_number, num_ions, num_hits, transmission (%)
138, 199, 18, 9.0452261306533
---------------------------------------- 

run_number, a, q 
5, 0.24, 0.7 

mass_number, num_ions, num_hits, transmission (%)
138, 200, 0, 0
---------------------------------------- 

run_number, a, q 
5, 0.24, 0.705 

mass_number, num_ions, num_hits, transmission (%)
138, 200, 0, 0
---------------------------------------- 

run_number, a, q 
5, 0.24, 0.71 

mass_number, num_ions, num_hits, transmission (%)
138, 198, 0, 0
---------------------------------------- 

run_number, a, q 
5, 0.24, 0.715 

mass_number, num_ions, num_hits, transmission (%)
138, 200, 0, 0
---------------------------------------- 

run_number, a, q 
5, 0.24, 0.72 

mass_number, num_ions, num_hits, transmission (%)
138, 199, 0, 0
---------------------------------------- 

run_number, a, q 
5, 0.245, 0.7 

mass_number, num_ions, num_hits, transmission (%)
138, 200, 0, 0
---------------------------------------- 

run_number, a, q 
5, 0.245, 0.705 

mass_number, num_ions, num_hits, transmission (%)
138, 199, 0, 0
---------------------------------------- 

run_number, a, q 
5, 0.245, 0.71 

mass_number, num_ions, num_hits, transmission (%)
138, 200, 0, 0
---------------------------------------- 

run_number, a, q 
5, 0.245, 0.715 

mass_number, num_ions, num_hits, transmission (%)
138, 200, 0, 0
---------------------------------------- 

run_number, a, q 
5, 0.245, 0.72 

mass_number, num_ions, num_hits, transmission (%)
138, 196, 0, 0
---------------------------------------- 

run_number, a, q 
5, 0.25, 0.7 

mass_number, num_ions, num_hits, transmission (%)
138, 196, 0, 0
---------------------------------------- 

run_number, a, q 
5, 0.25, 0.705 

mass_number, num_ions, num_hits, transmission (%)
138, 199, 0, 0
---------------------------------------- 

run_number, a, q 
5, 0.25, 0.71 

mass_number, num_ions, num_hits, transmission (%)
138, 200, 0, 0
---------------------------------------- 

run_number, a, q 
5, 0.25, 0.715 

mass_number, num_ions, num_hits, transmission (%)
138, 199, 0, 0
---------------------------------------- 

run_number, a, q 
5, 0.25, 0.72 

mass_number, num_ions, num_hits, transmission (%)
138, 199, 0, 0
---------------------------------------- 

run_number, a, q 
6, 0.22, 0.7 

mass_number, num_ions, num_hits, transmission (%)
139, 199, 36, 18.090452261307
---------------------------------------- 

run_number, a, q 
6, 0.22, 0.705 

mass_number, num_ions, num_hits, transmission (%)
139, 200, 76, 38
---------------------------------------- 

run_number, a, q 
6, 0.22, 0.71 

mass_number, num_ions, num_hits, transmission (%)
139, 198, 99, 50
---------------------------------------- 

run_number, a, q 
6, 0.22, 0.715 

mass_number, num_ions, num_hits, transmission (%)
139, 200, 97, 48.5
---------------------------------------- 

run_number, a, q 
6, 0.22, 0.72 

mass_number, num_ions, num_hits, transmission (%)
139, 200, 87, 43.5
---------------------------------------- 

run_number, a, q 
6, 0.225, 0.7 

mass_number, num_ions, num_hits, transmission (%)
139, 198, 0, 0
---------------------------------------- 

run_number, a, q 
6, 0.225, 0.705 

mass_number, num_ions, num_hits, transmission (%)
139, 200, 7, 3.5
---------------------------------------- 

run_number, a, q 
6, 0.225, 0.71 

mass_number, num_ions, num_hits, transmission (%)
139, 200, 45, 22.5
---------------------------------------- 

run_number, a, q 
6, 0.225, 0.715 

mass_number, num_ions, num_hits, transmission (%)
139, 200, 92, 46
---------------------------------------- 

run_number, a, q 
6, 0.225, 0.72 

mass_number, num_ions, num_hits, transmission (%)
139, 198, 96, 48.484848484848
---------------------------------------- 

run_number, a, q 
6, 0.23, 0.7 

mass_number, num_ions, num_hits, transmission (%)
139, 199, 0, 0
---------------------------------------- 

run_number, a, q 
6, 0.23, 0.705 

mass_number, num_ions, num_hits, transmission (%)
139, 197, 0, 0
---------------------------------------- 

run_number, a, q 
6, 0.23, 0.71 

mass_number, num_ions, num_hits, transmission (%)
139, 199, 2, 1.0050251256281
---------------------------------------- 

run_number, a, q 
6, 0.23, 0.715 

mass_number, num_ions, num_hits, transmission (%)
139, 198, 23, 11.616161616162
---------------------------------------- 

run_number, a, q 
6, 0.23, 0.72 

mass_number, num_ions, num_hits, transmission (%)
139, 200, 59, 29.5
---------------------------------------- 

run_number, a, q 
6, 0.235, 0.7 

mass_number, num_ions, num_hits, transmission (%)
139, 197, 0, 0
---------------------------------------- 

run_number, a, q 
6, 0.235, 0.705 

mass_number, num_ions, num_hits, transmission (%)
139, 199, 0, 0
---------------------------------------- 

run_number, a, q 
6, 0.235, 0.71 

mass_number, num_ions, num_hits, transmission (%)
139, 200, 0, 0
---------------------------------------- 

run_number, a, q 
6, 0.235, 0.715 

mass_number, num_ions, num_hits, transmission (%)
139, 198, 0, 0
---------------------------------------- 

run_number, a, q 
6, 0.235, 0.72 

mass_number, num_ions, num_hits, transmission (%)
139, 196, 5, 2.5510204081633
---------------------------------------- 

run_number, a, q 
6, 0.24, 0.7 

mass_number, num_ions, num_hits, transmission (%)
139, 199, 0, 0
---------------------------------------- 

run_number, a, q 
6, 0.24, 0.705 

mass_number, num_ions, num_hits, transmission (%)
139, 199, 0, 0
---------------------------------------- 

run_number, a, q 
6, 0.24, 0.71 

mass_number, num_ions, num_hits, transmission (%)
139, 200, 0, 0
---------------------------------------- 

run_number, a, q 
6, 0.24, 0.715 

mass_number, num_ions, num_hits, transmission (%)
139, 199, 0, 0
---------------------------------------- 

run_number, a, q 
6, 0.24, 0.72 

mass_number, num_ions, num_hits, transmission (%)
139, 200, 0, 0
---------------------------------------- 

run_number, a, q 
6, 0.245, 0.7 

mass_number, num_ions, num_hits, transmission (%)
139, 199, 0, 0
---------------------------------------- 

run_number, a, q 
6, 0.245, 0.705 

mass_number, num_ions, num_hits, transmission (%)
139, 200, 0, 0
---------------------------------------- 

run_number, a, q 
6, 0.245, 0.71 

mass_number, num_ions, num_hits, transmission (%)
139, 198, 0, 0
---------------------------------------- 

run_number, a, q 
6, 0.245, 0.715 

mass_number, num_ions, num_hits, transmission (%)
139, 199, 0, 0
---------------------------------------- 

run_number, a, q 
6, 0.245, 0.72 

mass_number, num_ions, num_hits, transmission (%)
139, 200, 0, 0
---------------------------------------- 

run_number, a, q 
6, 0.25, 0.7 

mass_number, num_ions, num_hits, transmission (%)
139, 197, 0, 0
---------------------------------------- 

run_number, a, q 
6, 0.25, 0.705 

mass_number, num_ions, num_hits, transmission (%)
139, 200, 0, 0
---------------------------------------- 

run_number, a, q 
6, 0.25, 0.71 

mass_number, num_ions, num_hits, transmission (%)
139, 198, 0, 0
---------------------------------------- 

run_number, a, q 
6, 0.25, 0.715 

mass_number, num_ions, num_hits, transmission (%)
139, 200, 0, 0
---------------------------------------- 

run_number, a, q 
6, 0.25, 0.72 

mass_number, num_ions, num_hits, transmission (%)
139, 197, 0, 0
---------------------------------------- 

