run_number, a, q 
1, 0.19, 0.7 

mass_number, num_ions, num_hits, transmission (%)
134, 200, 105, 52.5
---------------------------------------- 

run_number, a, q 
1, 0.19, 0.705 

mass_number, num_ions, num_hits, transmission (%)
134, 197, 99, 50.253807106599
---------------------------------------- 

run_number, a, q 
1, 0.19, 0.71 

mass_number, num_ions, num_hits, transmission (%)
134, 199, 91, 45.72864321608
---------------------------------------- 

run_number, a, q 
1, 0.19, 0.715 

mass_number, num_ions, num_hits, transmission (%)
134, 200, 99, 49.5
---------------------------------------- 

run_number, a, q 
1, 0.19, 0.72 

mass_number, num_ions, num_hits, transmission (%)
134, 198, 101, 51.010101010101
---------------------------------------- 

run_number, a, q 
1, 0.195, 0.7 

mass_number, num_ions, num_hits, transmission (%)
134, 199, 87, 43.718592964824
---------------------------------------- 

run_number, a, q 
1, 0.195, 0.705 

mass_number, num_ions, num_hits, transmission (%)
134, 199, 94, 47.236180904523
---------------------------------------- 

run_number, a, q 
1, 0.195, 0.71 

mass_number, num_ions, num_hits, transmission (%)
134, 196, 107, 54.591836734694
---------------------------------------- 

run_number, a, q 
1, 0.195, 0.715 

mass_number, num_ions, num_hits, transmission (%)
134, 200, 101, 50.5
---------------------------------------- 

run_number, a, q 
1, 0.195, 0.72 

mass_number, num_ions, num_hits, transmission (%)
134, 200, 98, 49
---------------------------------------- 

run_number, a, q 
1, 0.2, 0.7 

mass_number, num_ions, num_hits, transmission (%)
134, 200, 101, 50.5
---------------------------------------- 

run_number, a, q 
1, 0.2, 0.705 

mass_number, num_ions, num_hits, transmission (%)
134, 198, 95, 47.979797979798
---------------------------------------- 

run_number, a, q 
1, 0.2, 0.71 

mass_number, num_ions, num_hits, transmission (%)
134, 200, 93, 46.5
---------------------------------------- 

run_number, a, q 
1, 0.2, 0.715 

mass_number, num_ions, num_hits, transmission (%)
134, 200, 100, 50
---------------------------------------- 

run_number, a, q 
1, 0.2, 0.72 

mass_number, num_ions, num_hits, transmission (%)
134, 199, 105, 52.763819095477
---------------------------------------- 

run_number, a, q 
1, 0.205, 0.7 

mass_number, num_ions, num_hits, transmission (%)
134, 196, 84, 42.857142857143
---------------------------------------- 

run_number, a, q 
1, 0.205, 0.705 

mass_number, num_ions, num_hits, transmission (%)
134, 200, 99, 49.5
---------------------------------------- 

run_number, a, q 
1, 0.205, 0.71 

mass_number, num_ions, num_hits, transmission (%)
134, 200, 96, 48
---------------------------------------- 

run_number, a, q 
1, 0.205, 0.715 

mass_number, num_ions, num_hits, transmission (%)
134, 199, 94, 47.236180904523
---------------------------------------- 

run_number, a, q 
1, 0.205, 0.72 

mass_number, num_ions, num_hits, transmission (%)
134, 198, 104, 52.525252525253
---------------------------------------- 

run_number, a, q 
1, 0.21, 0.7 

mass_number, num_ions, num_hits, transmission (%)
134, 200, 107, 53.5
---------------------------------------- 

run_number, a, q 
1, 0.21, 0.705 

mass_number, num_ions, num_hits, transmission (%)
134, 200, 92, 46
---------------------------------------- 

run_number, a, q 
1, 0.21, 0.71 

mass_number, num_ions, num_hits, transmission (%)
134, 200, 99, 49.5
---------------------------------------- 

run_number, a, q 
1, 0.21, 0.715 

mass_number, num_ions, num_hits, transmission (%)
134, 200, 93, 46.5
---------------------------------------- 

run_number, a, q 
1, 0.21, 0.72 

mass_number, num_ions, num_hits, transmission (%)
134, 198, 97, 48.989898989899
---------------------------------------- 

run_number, a, q 
1, 0.215, 0.7 

mass_number, num_ions, num_hits, transmission (%)
134, 199, 105, 52.763819095477
---------------------------------------- 

run_number, a, q 
1, 0.215, 0.705 

mass_number, num_ions, num_hits, transmission (%)
134, 199, 90, 45.226130653266
---------------------------------------- 

run_number, a, q 
1, 0.215, 0.71 

mass_number, num_ions, num_hits, transmission (%)
134, 197, 97, 49.238578680203
---------------------------------------- 

run_number, a, q 
1, 0.215, 0.715 

mass_number, num_ions, num_hits, transmission (%)
134, 197, 99, 50.253807106599
---------------------------------------- 

run_number, a, q 
1, 0.215, 0.72 

mass_number, num_ions, num_hits, transmission (%)
134, 199, 95, 47.738693467337
---------------------------------------- 

run_number, a, q 
1, 0.22, 0.7 

mass_number, num_ions, num_hits, transmission (%)
134, 200, 88, 44
---------------------------------------- 

run_number, a, q 
1, 0.22, 0.705 

mass_number, num_ions, num_hits, transmission (%)
134, 199, 95, 47.738693467337
---------------------------------------- 

run_number, a, q 
1, 0.22, 0.71 

mass_number, num_ions, num_hits, transmission (%)
134, 200, 94, 47
---------------------------------------- 

run_number, a, q 
1, 0.22, 0.715 

mass_number, num_ions, num_hits, transmission (%)
134, 200, 106, 53
---------------------------------------- 

run_number, a, q 
1, 0.22, 0.72 

mass_number, num_ions, num_hits, transmission (%)
134, 198, 105, 53.030303030303
---------------------------------------- 

run_number, a, q 
1, 0.225, 0.7 

mass_number, num_ions, num_hits, transmission (%)
134, 200, 61, 30.5
---------------------------------------- 

run_number, a, q 
1, 0.225, 0.705 

mass_number, num_ions, num_hits, transmission (%)
134, 198, 98, 49.494949494949
---------------------------------------- 

run_number, a, q 
1, 0.225, 0.71 

mass_number, num_ions, num_hits, transmission (%)
134, 199, 106, 53.266331658291
---------------------------------------- 

run_number, a, q 
1, 0.225, 0.715 

mass_number, num_ions, num_hits, transmission (%)
134, 199, 73, 36.683417085427
---------------------------------------- 

run_number, a, q 
1, 0.225, 0.72 

mass_number, num_ions, num_hits, transmission (%)
134, 199, 109, 54.773869346734
---------------------------------------- 

run_number, a, q 
2, 0.19, 0.7 

mass_number, num_ions, num_hits, transmission (%)
135, 200, 91, 45.5
---------------------------------------- 

run_number, a, q 
2, 0.19, 0.705 

mass_number, num_ions, num_hits, transmission (%)
135, 200, 87, 43.5
---------------------------------------- 

run_number, a, q 
2, 0.19, 0.71 

mass_number, num_ions, num_hits, transmission (%)
135, 195, 85, 43.589743589744
---------------------------------------- 

run_number, a, q 
2, 0.19, 0.715 

mass_number, num_ions, num_hits, transmission (%)
135, 199, 97, 48.743718592965
---------------------------------------- 

run_number, a, q 
2, 0.19, 0.72 

mass_number, num_ions, num_hits, transmission (%)
135, 200, 98, 49
---------------------------------------- 

run_number, a, q 
2, 0.195, 0.7 

mass_number, num_ions, num_hits, transmission (%)
135, 197, 101, 51.269035532995
---------------------------------------- 

run_number, a, q 
2, 0.195, 0.705 

mass_number, num_ions, num_hits, transmission (%)
135, 200, 86, 43
---------------------------------------- 

run_number, a, q 
2, 0.195, 0.71 

mass_number, num_ions, num_hits, transmission (%)
135, 200, 107, 53.5
---------------------------------------- 

run_number, a, q 
2, 0.195, 0.715 

mass_number, num_ions, num_hits, transmission (%)
135, 200, 113, 56.5
---------------------------------------- 

run_number, a, q 
2, 0.195, 0.72 

mass_number, num_ions, num_hits, transmission (%)
135, 199, 93, 46.733668341709
---------------------------------------- 

run_number, a, q 
2, 0.2, 0.7 

mass_number, num_ions, num_hits, transmission (%)
135, 197, 105, 53.299492385787
---------------------------------------- 

run_number, a, q 
2, 0.2, 0.705 

mass_number, num_ions, num_hits, transmission (%)
135, 195, 92, 47.179487179487
---------------------------------------- 

run_number, a, q 
2, 0.2, 0.71 

mass_number, num_ions, num_hits, transmission (%)
135, 200, 100, 50
---------------------------------------- 

run_number, a, q 
2, 0.2, 0.715 

mass_number, num_ions, num_hits, transmission (%)
135, 199, 100, 50.251256281407
---------------------------------------- 

run_number, a, q 
2, 0.2, 0.72 

mass_number, num_ions, num_hits, transmission (%)
135, 197, 94, 47.715736040609
---------------------------------------- 

run_number, a, q 
2, 0.205, 0.7 

mass_number, num_ions, num_hits, transmission (%)
135, 195, 96, 49.230769230769
---------------------------------------- 

run_number, a, q 
2, 0.205, 0.705 

mass_number, num_ions, num_hits, transmission (%)
135, 199, 98, 49.246231155779
---------------------------------------- 

run_number, a, q 
2, 0.205, 0.71 

mass_number, num_ions, num_hits, transmission (%)
135, 198, 89, 44.949494949495
---------------------------------------- 

run_number, a, q 
2, 0.205, 0.715 

mass_number, num_ions, num_hits, transmission (%)
135, 200, 95, 47.5
---------------------------------------- 

run_number, a, q 
2, 0.205, 0.72 

mass_number, num_ions, num_hits, transmission (%)
135, 200, 105, 52.5
---------------------------------------- 

run_number, a, q 
2, 0.21, 0.7 

mass_number, num_ions, num_hits, transmission (%)
135, 200, 93, 46.5
---------------------------------------- 

run_number, a, q 
2, 0.21, 0.705 

mass_number, num_ions, num_hits, transmission (%)
135, 199, 90, 45.226130653266
---------------------------------------- 

run_number, a, q 
2, 0.21, 0.71 

mass_number, num_ions, num_hits, transmission (%)
135, 199, 101, 50.753768844221
---------------------------------------- 

run_number, a, q 
2, 0.21, 0.715 

mass_number, num_ions, num_hits, transmission (%)
135, 196, 100, 51.020408163265
---------------------------------------- 

run_number, a, q 
2, 0.21, 0.72 

mass_number, num_ions, num_hits, transmission (%)
135, 200, 97, 48.5
---------------------------------------- 

run_number, a, q 
2, 0.215, 0.7 

mass_number, num_ions, num_hits, transmission (%)
135, 198, 94, 47.474747474747
---------------------------------------- 

run_number, a, q 
2, 0.215, 0.705 

mass_number, num_ions, num_hits, transmission (%)
135, 198, 97, 48.989898989899
---------------------------------------- 

run_number, a, q 
2, 0.215, 0.71 

mass_number, num_ions, num_hits, transmission (%)
135, 200, 98, 49
---------------------------------------- 

run_number, a, q 
2, 0.215, 0.715 

mass_number, num_ions, num_hits, transmission (%)
135, 200, 96, 48
---------------------------------------- 

run_number, a, q 
2, 0.215, 0.72 

mass_number, num_ions, num_hits, transmission (%)
135, 200, 88, 44
---------------------------------------- 

run_number, a, q 
2, 0.22, 0.7 

mass_number, num_ions, num_hits, transmission (%)
135, 199, 106, 53.266331658291
---------------------------------------- 

run_number, a, q 
2, 0.22, 0.705 

mass_number, num_ions, num_hits, transmission (%)
135, 200, 98, 49
---------------------------------------- 

run_number, a, q 
2, 0.22, 0.71 

mass_number, num_ions, num_hits, transmission (%)
135, 200, 103, 51.5
---------------------------------------- 

run_number, a, q 
2, 0.22, 0.715 

mass_number, num_ions, num_hits, transmission (%)
135, 199, 95, 47.738693467337
---------------------------------------- 

run_number, a, q 
2, 0.22, 0.72 

mass_number, num_ions, num_hits, transmission (%)
135, 198, 92, 46.464646464646
---------------------------------------- 

run_number, a, q 
2, 0.225, 0.7 

mass_number, num_ions, num_hits, transmission (%)
135, 199, 31, 15.577889447236
---------------------------------------- 

run_number, a, q 
2, 0.225, 0.705 

mass_number, num_ions, num_hits, transmission (%)
135, 200, 92, 46
---------------------------------------- 

run_number, a, q 
2, 0.225, 0.71 

mass_number, num_ions, num_hits, transmission (%)
135, 200, 89, 44.5
---------------------------------------- 

run_number, a, q 
2, 0.225, 0.715 

mass_number, num_ions, num_hits, transmission (%)
135, 200, 102, 51
---------------------------------------- 

run_number, a, q 
2, 0.225, 0.72 

mass_number, num_ions, num_hits, transmission (%)
135, 200, 101, 50.5
---------------------------------------- 

run_number, a, q 
3, 0.19, 0.7 

mass_number, num_ions, num_hits, transmission (%)
136, 199, 110, 55.276381909548
---------------------------------------- 

run_number, a, q 
3, 0.19, 0.705 

mass_number, num_ions, num_hits, transmission (%)
136, 198, 99, 50
---------------------------------------- 

run_number, a, q 
3, 0.19, 0.71 

mass_number, num_ions, num_hits, transmission (%)
136, 200, 122, 61
---------------------------------------- 

run_number, a, q 
3, 0.19, 0.715 

mass_number, num_ions, num_hits, transmission (%)
136, 200, 92, 46
---------------------------------------- 

run_number, a, q 
3, 0.19, 0.72 

mass_number, num_ions, num_hits, transmission (%)
136, 200, 106, 53
---------------------------------------- 

run_number, a, q 
3, 0.195, 0.7 

mass_number, num_ions, num_hits, transmission (%)
136, 200, 88, 44
---------------------------------------- 

run_number, a, q 
3, 0.195, 0.705 

mass_number, num_ions, num_hits, transmission (%)
136, 200, 97, 48.5
---------------------------------------- 

run_number, a, q 
3, 0.195, 0.71 

mass_number, num_ions, num_hits, transmission (%)
136, 200, 90, 45
---------------------------------------- 

run_number, a, q 
3, 0.195, 0.715 

mass_number, num_ions, num_hits, transmission (%)
136, 195, 117, 60
---------------------------------------- 

run_number, a, q 
3, 0.195, 0.72 

mass_number, num_ions, num_hits, transmission (%)
136, 197, 114, 57.868020304569
---------------------------------------- 

run_number, a, q 
3, 0.2, 0.7 

mass_number, num_ions, num_hits, transmission (%)
136, 199, 100, 50.251256281407
---------------------------------------- 

run_number, a, q 
3, 0.2, 0.705 

mass_number, num_ions, num_hits, transmission (%)
136, 200, 112, 56
---------------------------------------- 

run_number, a, q 
3, 0.2, 0.71 

mass_number, num_ions, num_hits, transmission (%)
136, 197, 97, 49.238578680203
---------------------------------------- 

run_number, a, q 
3, 0.2, 0.715 

mass_number, num_ions, num_hits, transmission (%)
136, 198, 92, 46.464646464646
---------------------------------------- 

run_number, a, q 
3, 0.2, 0.72 

mass_number, num_ions, num_hits, transmission (%)
136, 200, 100, 50
---------------------------------------- 

run_number, a, q 
3, 0.205, 0.7 

mass_number, num_ions, num_hits, transmission (%)
136, 198, 98, 49.494949494949
---------------------------------------- 

run_number, a, q 
3, 0.205, 0.705 

mass_number, num_ions, num_hits, transmission (%)
136, 199, 99, 49.748743718593
---------------------------------------- 

run_number, a, q 
3, 0.205, 0.71 

mass_number, num_ions, num_hits, transmission (%)
136, 196, 95, 48.469387755102
---------------------------------------- 

run_number, a, q 
3, 0.205, 0.715 

mass_number, num_ions, num_hits, transmission (%)
136, 199, 93, 46.733668341709
---------------------------------------- 

run_number, a, q 
3, 0.205, 0.72 

mass_number, num_ions, num_hits, transmission (%)
136, 199, 101, 50.753768844221
---------------------------------------- 

run_number, a, q 
3, 0.21, 0.7 

mass_number, num_ions, num_hits, transmission (%)
136, 200, 98, 49
---------------------------------------- 

run_number, a, q 
3, 0.21, 0.705 

mass_number, num_ions, num_hits, transmission (%)
136, 200, 102, 51
---------------------------------------- 

run_number, a, q 
3, 0.21, 0.71 

mass_number, num_ions, num_hits, transmission (%)
136, 198, 97, 48.989898989899
---------------------------------------- 

run_number, a, q 
3, 0.21, 0.715 

mass_number, num_ions, num_hits, transmission (%)
136, 199, 97, 48.743718592965
---------------------------------------- 

run_number, a, q 
3, 0.21, 0.72 

mass_number, num_ions, num_hits, transmission (%)
136, 200, 102, 51
---------------------------------------- 

run_number, a, q 
3, 0.215, 0.7 

mass_number, num_ions, num_hits, transmission (%)
136, 200, 86, 43
---------------------------------------- 

run_number, a, q 
3, 0.215, 0.705 

mass_number, num_ions, num_hits, transmission (%)
136, 200, 97, 48.5
---------------------------------------- 

run_number, a, q 
3, 0.215, 0.71 

mass_number, num_ions, num_hits, transmission (%)
136, 200, 99, 49.5
---------------------------------------- 

run_number, a, q 
3, 0.215, 0.715 

mass_number, num_ions, num_hits, transmission (%)
136, 194, 89, 45.876288659794
---------------------------------------- 

run_number, a, q 
3, 0.215, 0.72 

mass_number, num_ions, num_hits, transmission (%)
136, 200, 97, 48.5
---------------------------------------- 

run_number, a, q 
3, 0.22, 0.7 

mass_number, num_ions, num_hits, transmission (%)
136, 200, 97, 48.5
---------------------------------------- 

run_number, a, q 
3, 0.22, 0.705 

mass_number, num_ions, num_hits, transmission (%)
136, 200, 111, 55.5
---------------------------------------- 

run_number, a, q 
3, 0.22, 0.71 

mass_number, num_ions, num_hits, transmission (%)
136, 200, 96, 48
---------------------------------------- 

run_number, a, q 
3, 0.22, 0.715 

mass_number, num_ions, num_hits, transmission (%)
136, 200, 84, 42
---------------------------------------- 

run_number, a, q 
3, 0.22, 0.72 

mass_number, num_ions, num_hits, transmission (%)
136, 200, 96, 48
---------------------------------------- 

run_number, a, q 
3, 0.225, 0.7 

mass_number, num_ions, num_hits, transmission (%)
136, 199, 27, 13.56783919598
---------------------------------------- 

run_number, a, q 
3, 0.225, 0.705 

mass_number, num_ions, num_hits, transmission (%)
136, 200, 60, 30
---------------------------------------- 

run_number, a, q 
3, 0.225, 0.71 

mass_number, num_ions, num_hits, transmission (%)
136, 199, 90, 45.226130653266
---------------------------------------- 

run_number, a, q 
3, 0.225, 0.715 

mass_number, num_ions, num_hits, transmission (%)
136, 200, 98, 49
---------------------------------------- 

run_number, a, q 
3, 0.225, 0.72 

mass_number, num_ions, num_hits, transmission (%)
136, 200, 101, 50.5
---------------------------------------- 

run_number, a, q 
4, 0.19, 0.7 

mass_number, num_ions, num_hits, transmission (%)
137, 200, 108, 54
---------------------------------------- 

run_number, a, q 
4, 0.19, 0.705 

mass_number, num_ions, num_hits, transmission (%)
137, 198, 92, 46.464646464646
---------------------------------------- 

run_number, a, q 
4, 0.19, 0.71 

mass_number, num_ions, num_hits, transmission (%)
137, 200, 99, 49.5
---------------------------------------- 

run_number, a, q 
4, 0.19, 0.715 

mass_number, num_ions, num_hits, transmission (%)
137, 198, 98, 49.494949494949
---------------------------------------- 

run_number, a, q 
4, 0.19, 0.72 

mass_number, num_ions, num_hits, transmission (%)
137, 200, 110, 55
---------------------------------------- 

run_number, a, q 
4, 0.195, 0.7 

mass_number, num_ions, num_hits, transmission (%)
137, 200, 103, 51.5
---------------------------------------- 

run_number, a, q 
4, 0.195, 0.705 

mass_number, num_ions, num_hits, transmission (%)
137, 196, 86, 43.877551020408
---------------------------------------- 

run_number, a, q 
4, 0.195, 0.71 

mass_number, num_ions, num_hits, transmission (%)
137, 200, 101, 50.5
---------------------------------------- 

run_number, a, q 
4, 0.195, 0.715 

mass_number, num_ions, num_hits, transmission (%)
137, 197, 101, 51.269035532995
---------------------------------------- 

run_number, a, q 
4, 0.195, 0.72 

mass_number, num_ions, num_hits, transmission (%)
137, 200, 111, 55.5
---------------------------------------- 

run_number, a, q 
4, 0.2, 0.7 

mass_number, num_ions, num_hits, transmission (%)
137, 200, 95, 47.5
---------------------------------------- 

run_number, a, q 
4, 0.2, 0.705 

mass_number, num_ions, num_hits, transmission (%)
137, 196, 95, 48.469387755102
---------------------------------------- 

run_number, a, q 
4, 0.2, 0.71 

mass_number, num_ions, num_hits, transmission (%)
137, 197, 106, 53.807106598985
---------------------------------------- 

run_number, a, q 
4, 0.2, 0.715 

mass_number, num_ions, num_hits, transmission (%)
137, 199, 93, 46.733668341709
---------------------------------------- 

run_number, a, q 
4, 0.2, 0.72 

mass_number, num_ions, num_hits, transmission (%)
137, 200, 106, 53
---------------------------------------- 

run_number, a, q 
4, 0.205, 0.7 

mass_number, num_ions, num_hits, transmission (%)
137, 199, 107, 53.768844221106
---------------------------------------- 

run_number, a, q 
4, 0.205, 0.705 

mass_number, num_ions, num_hits, transmission (%)
137, 200, 95, 47.5
---------------------------------------- 

run_number, a, q 
4, 0.205, 0.71 

mass_number, num_ions, num_hits, transmission (%)
137, 200, 91, 45.5
---------------------------------------- 

run_number, a, q 
4, 0.205, 0.715 

mass_number, num_ions, num_hits, transmission (%)
137, 200, 99, 49.5
---------------------------------------- 

run_number, a, q 
4, 0.205, 0.72 

mass_number, num_ions, num_hits, transmission (%)
137, 199, 95, 47.738693467337
---------------------------------------- 

run_number, a, q 
4, 0.21, 0.7 

mass_number, num_ions, num_hits, transmission (%)
137, 200, 99, 49.5
---------------------------------------- 

run_number, a, q 
4, 0.21, 0.705 

mass_number, num_ions, num_hits, transmission (%)
137, 198, 99, 50
---------------------------------------- 

run_number, a, q 
4, 0.21, 0.71 

mass_number, num_ions, num_hits, transmission (%)
137, 199, 104, 52.261306532663
---------------------------------------- 

run_number, a, q 
4, 0.21, 0.715 

mass_number, num_ions, num_hits, transmission (%)
137, 200, 98, 49
---------------------------------------- 

run_number, a, q 
4, 0.21, 0.72 

mass_number, num_ions, num_hits, transmission (%)
137, 199, 116, 58.291457286432
---------------------------------------- 

run_number, a, q 
4, 0.215, 0.7 

mass_number, num_ions, num_hits, transmission (%)
137, 200, 99, 49.5
---------------------------------------- 

run_number, a, q 
4, 0.215, 0.705 

mass_number, num_ions, num_hits, transmission (%)
137, 198, 88, 44.444444444444
---------------------------------------- 

run_number, a, q 
4, 0.215, 0.71 

mass_number, num_ions, num_hits, transmission (%)
137, 196, 100, 51.020408163265
---------------------------------------- 

run_number, a, q 
4, 0.215, 0.715 

mass_number, num_ions, num_hits, transmission (%)
137, 200, 110, 55
---------------------------------------- 

run_number, a, q 
4, 0.215, 0.72 

mass_number, num_ions, num_hits, transmission (%)
137, 199, 108, 54.27135678392
---------------------------------------- 

run_number, a, q 
4, 0.22, 0.7 

mass_number, num_ions, num_hits, transmission (%)
137, 199, 81, 40.70351758794
---------------------------------------- 

run_number, a, q 
4, 0.22, 0.705 

mass_number, num_ions, num_hits, transmission (%)
137, 199, 94, 47.236180904523
---------------------------------------- 

run_number, a, q 
4, 0.22, 0.71 

mass_number, num_ions, num_hits, transmission (%)
137, 197, 92, 46.700507614213
---------------------------------------- 

run_number, a, q 
4, 0.22, 0.715 

mass_number, num_ions, num_hits, transmission (%)
137, 200, 103, 51.5
---------------------------------------- 

run_number, a, q 
4, 0.22, 0.72 

mass_number, num_ions, num_hits, transmission (%)
137, 199, 98, 49.246231155779
---------------------------------------- 

run_number, a, q 
4, 0.225, 0.7 

mass_number, num_ions, num_hits, transmission (%)
137, 200, 13, 6.5
---------------------------------------- 

run_number, a, q 
4, 0.225, 0.705 

mass_number, num_ions, num_hits, transmission (%)
137, 199, 43, 21.608040201005
---------------------------------------- 

run_number, a, q 
4, 0.225, 0.71 

mass_number, num_ions, num_hits, transmission (%)
137, 200, 89, 44.5
---------------------------------------- 

run_number, a, q 
4, 0.225, 0.715 

mass_number, num_ions, num_hits, transmission (%)
137, 200, 98, 49
---------------------------------------- 

run_number, a, q 
4, 0.225, 0.72 

mass_number, num_ions, num_hits, transmission (%)
137, 198, 90, 45.454545454545
---------------------------------------- 

run_number, a, q 
5, 0.19, 0.7 

mass_number, num_ions, num_hits, transmission (%)
138, 198, 100, 50.505050505051
---------------------------------------- 

run_number, a, q 
5, 0.19, 0.705 

mass_number, num_ions, num_hits, transmission (%)
138, 200, 95, 47.5
---------------------------------------- 

run_number, a, q 
5, 0.19, 0.71 

mass_number, num_ions, num_hits, transmission (%)
138, 200, 102, 51
---------------------------------------- 

run_number, a, q 
5, 0.19, 0.715 

mass_number, num_ions, num_hits, transmission (%)
138, 200, 111, 55.5
---------------------------------------- 

run_number, a, q 
5, 0.19, 0.72 

mass_number, num_ions, num_hits, transmission (%)
138, 199, 97, 48.743718592965
---------------------------------------- 

run_number, a, q 
5, 0.195, 0.7 

mass_number, num_ions, num_hits, transmission (%)
138, 199, 98, 49.246231155779
---------------------------------------- 

run_number, a, q 
5, 0.195, 0.705 

mass_number, num_ions, num_hits, transmission (%)
138, 200, 89, 44.5
---------------------------------------- 

run_number, a, q 
5, 0.195, 0.71 

mass_number, num_ions, num_hits, transmission (%)
138, 200, 103, 51.5
---------------------------------------- 

run_number, a, q 
5, 0.195, 0.715 

mass_number, num_ions, num_hits, transmission (%)
138, 200, 104, 52
---------------------------------------- 

run_number, a, q 
5, 0.195, 0.72 

mass_number, num_ions, num_hits, transmission (%)
138, 199, 97, 48.743718592965
---------------------------------------- 

run_number, a, q 
5, 0.2, 0.7 

mass_number, num_ions, num_hits, transmission (%)
138, 200, 98, 49
---------------------------------------- 

run_number, a, q 
5, 0.2, 0.705 

mass_number, num_ions, num_hits, transmission (%)
138, 200, 100, 50
---------------------------------------- 

run_number, a, q 
5, 0.2, 0.71 

mass_number, num_ions, num_hits, transmission (%)
138, 198, 106, 53.535353535354
---------------------------------------- 

run_number, a, q 
5, 0.2, 0.715 

mass_number, num_ions, num_hits, transmission (%)
138, 196, 91, 46.428571428571
---------------------------------------- 

run_number, a, q 
5, 0.2, 0.72 

mass_number, num_ions, num_hits, transmission (%)
138, 200, 95, 47.5
---------------------------------------- 

run_number, a, q 
5, 0.205, 0.7 

mass_number, num_ions, num_hits, transmission (%)
138, 200, 104, 52
---------------------------------------- 

run_number, a, q 
5, 0.205, 0.705 

mass_number, num_ions, num_hits, transmission (%)
138, 200, 95, 47.5
---------------------------------------- 

run_number, a, q 
5, 0.205, 0.71 

mass_number, num_ions, num_hits, transmission (%)
138, 200, 111, 55.5
---------------------------------------- 

run_number, a, q 
5, 0.205, 0.715 

mass_number, num_ions, num_hits, transmission (%)
138, 200, 98, 49
---------------------------------------- 

run_number, a, q 
5, 0.205, 0.72 

mass_number, num_ions, num_hits, transmission (%)
138, 200, 97, 48.5
---------------------------------------- 

run_number, a, q 
5, 0.21, 0.7 

mass_number, num_ions, num_hits, transmission (%)
138, 198, 100, 50.505050505051
---------------------------------------- 

run_number, a, q 
5, 0.21, 0.705 

mass_number, num_ions, num_hits, transmission (%)
138, 199, 110, 55.276381909548
---------------------------------------- 

run_number, a, q 
5, 0.21, 0.71 

mass_number, num_ions, num_hits, transmission (%)
138, 199, 90, 45.226130653266
---------------------------------------- 

run_number, a, q 
5, 0.21, 0.715 

mass_number, num_ions, num_hits, transmission (%)
138, 199, 93, 46.733668341709
---------------------------------------- 

run_number, a, q 
5, 0.21, 0.72 

mass_number, num_ions, num_hits, transmission (%)
138, 195, 104, 53.333333333333
---------------------------------------- 

run_number, a, q 
5, 0.215, 0.7 

mass_number, num_ions, num_hits, transmission (%)
138, 197, 105, 53.299492385787
---------------------------------------- 

run_number, a, q 
5, 0.215, 0.705 

mass_number, num_ions, num_hits, transmission (%)
138, 199, 115, 57.788944723618
---------------------------------------- 

run_number, a, q 
5, 0.215, 0.71 

mass_number, num_ions, num_hits, transmission (%)
138, 198, 97, 48.989898989899
---------------------------------------- 

run_number, a, q 
5, 0.215, 0.715 

mass_number, num_ions, num_hits, transmission (%)
138, 199, 94, 47.236180904523
---------------------------------------- 

run_number, a, q 
5, 0.215, 0.72 

mass_number, num_ions, num_hits, transmission (%)
138, 198, 95, 47.979797979798
---------------------------------------- 

run_number, a, q 
5, 0.22, 0.7 

mass_number, num_ions, num_hits, transmission (%)
138, 198, 49, 24.747474747475
---------------------------------------- 

run_number, a, q 
5, 0.22, 0.705 

mass_number, num_ions, num_hits, transmission (%)
138, 200, 103, 51.5
---------------------------------------- 

run_number, a, q 
5, 0.22, 0.71 

mass_number, num_ions, num_hits, transmission (%)
138, 200, 104, 52
---------------------------------------- 

run_number, a, q 
5, 0.22, 0.715 

mass_number, num_ions, num_hits, transmission (%)
138, 198, 102, 51.515151515152
---------------------------------------- 

run_number, a, q 
5, 0.22, 0.72 

mass_number, num_ions, num_hits, transmission (%)
138, 200, 103, 51.5
---------------------------------------- 

run_number, a, q 
5, 0.225, 0.7 

mass_number, num_ions, num_hits, transmission (%)
138, 200, 1, 0.5
---------------------------------------- 

run_number, a, q 
5, 0.225, 0.705 

mass_number, num_ions, num_hits, transmission (%)
138, 200, 32, 16
---------------------------------------- 

run_number, a, q 
5, 0.225, 0.71 

mass_number, num_ions, num_hits, transmission (%)
138, 200, 61, 30.5
---------------------------------------- 

run_number, a, q 
5, 0.225, 0.715 

mass_number, num_ions, num_hits, transmission (%)
138, 198, 96, 48.484848484848
---------------------------------------- 

run_number, a, q 
5, 0.225, 0.72 

mass_number, num_ions, num_hits, transmission (%)
138, 200, 100, 50
---------------------------------------- 

run_number, a, q 
6, 0.19, 0.7 

mass_number, num_ions, num_hits, transmission (%)
139, 200, 99, 49.5
---------------------------------------- 

run_number, a, q 
6, 0.19, 0.705 

mass_number, num_ions, num_hits, transmission (%)
139, 200, 107, 53.5
---------------------------------------- 

run_number, a, q 
6, 0.19, 0.71 

mass_number, num_ions, num_hits, transmission (%)
139, 197, 96, 48.730964467005
---------------------------------------- 

run_number, a, q 
6, 0.19, 0.715 

mass_number, num_ions, num_hits, transmission (%)
139, 199, 87, 43.718592964824
---------------------------------------- 

run_number, a, q 
6, 0.19, 0.72 

mass_number, num_ions, num_hits, transmission (%)
139, 199, 100, 50.251256281407
---------------------------------------- 

run_number, a, q 
6, 0.195, 0.7 

mass_number, num_ions, num_hits, transmission (%)
139, 200, 106, 53
---------------------------------------- 

run_number, a, q 
6, 0.195, 0.705 

mass_number, num_ions, num_hits, transmission (%)
139, 199, 99, 49.748743718593
---------------------------------------- 

run_number, a, q 
6, 0.195, 0.71 

mass_number, num_ions, num_hits, transmission (%)
139, 200, 102, 51
---------------------------------------- 

run_number, a, q 
6, 0.195, 0.715 

mass_number, num_ions, num_hits, transmission (%)
139, 198, 92, 46.464646464646
---------------------------------------- 

run_number, a, q 
6, 0.195, 0.72 

mass_number, num_ions, num_hits, transmission (%)
139, 199, 87, 43.718592964824
---------------------------------------- 

run_number, a, q 
6, 0.2, 0.7 

mass_number, num_ions, num_hits, transmission (%)
139, 200, 97, 48.5
---------------------------------------- 

run_number, a, q 
6, 0.2, 0.705 

mass_number, num_ions, num_hits, transmission (%)
139, 199, 104, 52.261306532663
---------------------------------------- 

run_number, a, q 
6, 0.2, 0.71 

mass_number, num_ions, num_hits, transmission (%)
139, 200, 124, 62
---------------------------------------- 

run_number, a, q 
6, 0.2, 0.715 

mass_number, num_ions, num_hits, transmission (%)
139, 200, 97, 48.5
---------------------------------------- 

run_number, a, q 
6, 0.2, 0.72 

mass_number, num_ions, num_hits, transmission (%)
139, 198, 107, 54.040404040404
---------------------------------------- 

run_number, a, q 
6, 0.205, 0.7 

mass_number, num_ions, num_hits, transmission (%)
139, 200, 108, 54
---------------------------------------- 

run_number, a, q 
6, 0.205, 0.705 

mass_number, num_ions, num_hits, transmission (%)
139, 199, 113, 56.78391959799
---------------------------------------- 

run_number, a, q 
6, 0.205, 0.71 

mass_number, num_ions, num_hits, transmission (%)
139, 200, 99, 49.5
---------------------------------------- 

run_number, a, q 
6, 0.205, 0.715 

mass_number, num_ions, num_hits, transmission (%)
139, 200, 103, 51.5
---------------------------------------- 

run_number, a, q 
6, 0.205, 0.72 

mass_number, num_ions, num_hits, transmission (%)
139, 200, 106, 53
---------------------------------------- 

run_number, a, q 
6, 0.21, 0.7 

mass_number, num_ions, num_hits, transmission (%)
139, 198, 95, 47.979797979798
---------------------------------------- 

run_number, a, q 
6, 0.21, 0.705 

mass_number, num_ions, num_hits, transmission (%)
139, 198, 105, 53.030303030303
---------------------------------------- 

run_number, a, q 
6, 0.21, 0.71 

mass_number, num_ions, num_hits, transmission (%)
139, 200, 113, 56.5
---------------------------------------- 

run_number, a, q 
6, 0.21, 0.715 

mass_number, num_ions, num_hits, transmission (%)
139, 200, 92, 46
---------------------------------------- 

run_number, a, q 
6, 0.21, 0.72 

mass_number, num_ions, num_hits, transmission (%)
139, 200, 97, 48.5
---------------------------------------- 

run_number, a, q 
6, 0.215, 0.7 

mass_number, num_ions, num_hits, transmission (%)
139, 200, 93, 46.5
---------------------------------------- 

run_number, a, q 
6, 0.215, 0.705 

mass_number, num_ions, num_hits, transmission (%)
139, 199, 101, 50.753768844221
---------------------------------------- 

run_number, a, q 
6, 0.215, 0.71 

mass_number, num_ions, num_hits, transmission (%)
139, 198, 90, 45.454545454545
---------------------------------------- 

run_number, a, q 
6, 0.215, 0.715 

mass_number, num_ions, num_hits, transmission (%)
139, 197, 92, 46.700507614213
---------------------------------------- 

run_number, a, q 
6, 0.215, 0.72 

mass_number, num_ions, num_hits, transmission (%)
139, 199, 93, 46.733668341709
---------------------------------------- 

run_number, a, q 
6, 0.22, 0.7 

mass_number, num_ions, num_hits, transmission (%)
139, 200, 30, 15
---------------------------------------- 

run_number, a, q 
6, 0.22, 0.705 

mass_number, num_ions, num_hits, transmission (%)
139, 196, 72, 36.734693877551
---------------------------------------- 

run_number, a, q 
6, 0.22, 0.71 

mass_number, num_ions, num_hits, transmission (%)
139, 197, 104, 52.791878172589
---------------------------------------- 

run_number, a, q 
6, 0.22, 0.715 

mass_number, num_ions, num_hits, transmission (%)
139, 200, 100, 50
---------------------------------------- 

run_number, a, q 
6, 0.22, 0.72 

mass_number, num_ions, num_hits, transmission (%)
139, 200, 102, 51
---------------------------------------- 

run_number, a, q 
6, 0.225, 0.7 

mass_number, num_ions, num_hits, transmission (%)
139, 196, 0, 0
---------------------------------------- 

run_number, a, q 
6, 0.225, 0.705 

mass_number, num_ions, num_hits, transmission (%)
139, 199, 12, 6.0301507537688
---------------------------------------- 

run_number, a, q 
6, 0.225, 0.71 

mass_number, num_ions, num_hits, transmission (%)
139, 200, 40, 20
---------------------------------------- 

run_number, a, q 
6, 0.225, 0.715 

mass_number, num_ions, num_hits, transmission (%)
139, 200, 98, 49
---------------------------------------- 

run_number, a, q 
6, 0.225, 0.72 

mass_number, num_ions, num_hits, transmission (%)
139, 200, 82, 41
---------------------------------------- 

