run_number, a, q 
1, 0.22, 0.71 

entry_ring_v, num_ions, num_hits, transmission (%), avg_ke (eV), sd_ke 
-10, 200, 105, 52.5, 32.401575422662, 4.6153276615918
---------------------------------------- 

run_number, a, q 
1, 0.22, 0.715 

entry_ring_v, num_ions, num_hits, transmission (%), avg_ke (eV), sd_ke 
-10, 198, 96, 48.484848484848, 32.862078881615, 6.7576872097688
---------------------------------------- 

run_number, a, q 
1, 0.225, 0.71 

entry_ring_v, num_ions, num_hits, transmission (%), avg_ke (eV), sd_ke 
-10, 200, 102, 51, 33.901230856574, 8.2929497337724
---------------------------------------- 

run_number, a, q 
1, 0.225, 0.715 

entry_ring_v, num_ions, num_hits, transmission (%), avg_ke (eV), sd_ke 
-10, 200, 65, 32.5, 36.740700246418, 10.59357463288
---------------------------------------- 

run_number, a, q 
2, 0.22, 0.71 

entry_ring_v, num_ions, num_hits, transmission (%), avg_ke (eV), sd_ke 
-100, 200, 97, 48.5, 219.91532229569, 18.413695621348
---------------------------------------- 

run_number, a, q 
2, 0.22, 0.715 

entry_ring_v, num_ions, num_hits, transmission (%), avg_ke (eV), sd_ke 
-100, 196, 83, 42.34693877551, 222.41701798256, 20.456584491807
---------------------------------------- 

run_number, a, q 
2, 0.225, 0.71 

entry_ring_v, num_ions, num_hits, transmission (%), avg_ke (eV), sd_ke 
-100, 199, 100, 50.251256281407, 225.20318407221, 20.713371127213
---------------------------------------- 

run_number, a, q 
2, 0.225, 0.715 

entry_ring_v, num_ions, num_hits, transmission (%), avg_ke (eV), sd_ke 
-100, 199, 69, 34.673366834171, 224.4021208462, 24.492457891355
---------------------------------------- 

run_number, a, q 
3, 0.22, 0.71 

entry_ring_v, num_ions, num_hits, transmission (%), avg_ke (eV), sd_ke 
-200, 200, 111, 55.5, 422.94129651358, 32.785849410122
---------------------------------------- 

run_number, a, q 
3, 0.22, 0.715 

entry_ring_v, num_ions, num_hits, transmission (%), avg_ke (eV), sd_ke 
-200, 200, 106, 53, 420.05846420226, 23.536680241083
---------------------------------------- 

run_number, a, q 
3, 0.225, 0.71 

entry_ring_v, num_ions, num_hits, transmission (%), avg_ke (eV), sd_ke 
-200, 200, 87, 43.5, 427.85660454036, 37.264265962615
---------------------------------------- 

run_number, a, q 
3, 0.225, 0.715 

entry_ring_v, num_ions, num_hits, transmission (%), avg_ke (eV), sd_ke 
-200, 200, 66, 33, 430.99413633447, 61.047345573118
---------------------------------------- 

run_number, a, q 
4, 0.22, 0.71 

entry_ring_v, num_ions, num_hits, transmission (%), avg_ke (eV), sd_ke 
-500, 198, 81, 40.909090909091, 1019.7883196815, 43.981926817775
---------------------------------------- 

run_number, a, q 
4, 0.22, 0.715 

entry_ring_v, num_ions, num_hits, transmission (%), avg_ke (eV), sd_ke 
-500, 199, 113, 56.78391959799, 1019.2560479384, 48.598531505335
---------------------------------------- 

run_number, a, q 
4, 0.225, 0.71 

entry_ring_v, num_ions, num_hits, transmission (%), avg_ke (eV), sd_ke 
-500, 200, 97, 48.5, 1022.4791456954, 35.313530893524
---------------------------------------- 

run_number, a, q 
4, 0.225, 0.715 

entry_ring_v, num_ions, num_hits, transmission (%), avg_ke (eV), sd_ke 
-500, 199, 76, 38.190954773869, 1021.8531044512, 39.493893526698
---------------------------------------- 

run_number, a, q 
5, 0.22, 0.71 

entry_ring_v, num_ions, num_hits, transmission (%), avg_ke (eV), sd_ke 
-1000, 200, 95, 47.5, 2000.9389736982, 38.218878496633
---------------------------------------- 

run_number, a, q 
5, 0.22, 0.715 

entry_ring_v, num_ions, num_hits, transmission (%), avg_ke (eV), sd_ke 
-1000, 200, 95, 47.5, 2010.0419092568, 54.444260201539
---------------------------------------- 

run_number, a, q 
5, 0.225, 0.71 

entry_ring_v, num_ions, num_hits, transmission (%), avg_ke (eV), sd_ke 
-1000, 200, 104, 52, 2011.5041514097, 52.807265880608
---------------------------------------- 

run_number, a, q 
5, 0.225, 0.715 

entry_ring_v, num_ions, num_hits, transmission (%), avg_ke (eV), sd_ke 
-1000, 198, 60, 30.30303030303, 2014.2477035535, 57.122647494144
---------------------------------------- 

run_number, a, q 
6, 0.22, 0.71 

entry_ring_v, num_ions, num_hits, transmission (%), avg_ke (eV), sd_ke 
-1200, 199, 103, 51.758793969849, 2397.8899610762, 40.635767776889
---------------------------------------- 

run_number, a, q 
6, 0.22, 0.715 

entry_ring_v, num_ions, num_hits, transmission (%), avg_ke (eV), sd_ke 
-1200, 200, 92, 46, 2399.0760403585, 44.095318767388
---------------------------------------- 

run_number, a, q 
6, 0.225, 0.71 

entry_ring_v, num_ions, num_hits, transmission (%), avg_ke (eV), sd_ke 
-1200, 199, 103, 51.758793969849, 2407.2991550495, 66.358992438079
---------------------------------------- 

run_number, a, q 
6, 0.225, 0.715 

entry_ring_v, num_ions, num_hits, transmission (%), avg_ke (eV), sd_ke 
-1200, 200, 74, 37, 2421.3444636646, 76.500349579017
---------------------------------------- 

